{"/Users/robertoveigajunior/Developer/Lab/BankCrypto/src/components/Dashboard.tsx": {"path":"/Users/robertoveigajunior/Developer/Lab/BankCrypto/src/components/Dashboard.tsx","statementMap":{"0":{"start":{"line":7,"column":28},"end":{"line":105,"column":null}},"1":{"start":{"line":8,"column":44},"end":{"line":8,"column":null}},"2":{"start":{"line":9,"column":32},"end":{"line":9,"column":null}},"3":{"start":{"line":10,"column":44},"end":{"line":10,"column":null}},"4":{"start":{"line":11,"column":30},"end":{"line":11,"column":null}},"5":{"start":{"line":15,"column":25},"end":{"line":15,"column":null}},"6":{"start":{"line":17,"column":4},"end":{"line":52,"column":null}},"7":{"start":{"line":18,"column":27},"end":{"line":47,"column":null}},"8":{"start":{"line":19,"column":12},"end":{"line":46,"column":null}},"9":{"start":{"line":21,"column":30},"end":{"line":21,"column":null}},"10":{"start":{"line":22,"column":16},"end":{"line":22,"column":null}},"11":{"start":{"line":25,"column":16},"end":{"line":29,"column":null}},"12":{"start":{"line":26,"column":20},"end":{"line":26,"column":null}},"13":{"start":{"line":27,"column":20},"end":{"line":27,"column":null}},"14":{"start":{"line":28,"column":20},"end":{"line":28,"column":null}},"15":{"start":{"line":34,"column":28},"end":{"line":34,"column":null}},"16":{"start":{"line":35,"column":16},"end":{"line":40,"column":null}},"17":{"start":{"line":36,"column":20},"end":{"line":39,"column":null}},"18":{"start":{"line":37,"column":34},"end":{"line":37,"column":null}},"19":{"start":{"line":38,"column":24},"end":{"line":38,"column":null}},"20":{"start":{"line":41,"column":16},"end":{"line":41,"column":null}},"21":{"start":{"line":42,"column":16},"end":{"line":42,"column":null}},"22":{"start":{"line":44,"column":16},"end":{"line":44,"column":null}},"23":{"start":{"line":45,"column":16},"end":{"line":45,"column":null}},"24":{"start":{"line":49,"column":8},"end":{"line":49,"column":null}},"25":{"start":{"line":50,"column":25},"end":{"line":50,"column":null}},"26":{"start":{"line":51,"column":8},"end":{"line":51,"column":null}},"27":{"start":{"line":51,"column":21},"end":{"line":51,"column":null}},"28":{"start":{"line":54,"column":27},"end":{"line":60,"column":null}},"29":{"start":{"line":55,"column":20},"end":{"line":55,"column":null}},"30":{"start":{"line":56,"column":8},"end":{"line":59,"column":null}},"31":{"start":{"line":62,"column":4},"end":{"line":103,"column":null}},"32":{"start":{"line":69,"column":39},"end":{"line":69,"column":null}},"33":{"start":{"line":75,"column":39},"end":{"line":75,"column":null}}},"fnMap":{"0":{"name":"(anonymous_0)","decl":{"start":{"line":7,"column":28},"end":{"line":7,"column":34}},"loc":{"start":{"line":7,"column":34},"end":{"line":105,"column":null}},"line":7},"1":{"name":"(anonymous_1)","decl":{"start":{"line":17,"column":14},"end":{"line":17,"column":20}},"loc":{"start":{"line":17,"column":20},"end":{"line":52,"column":7}},"line":17},"2":{"name":"(anonymous_2)","decl":{"start":{"line":18,"column":27},"end":{"line":18,"column":39}},"loc":{"start":{"line":18,"column":39},"end":{"line":47,"column":null}},"line":18},"3":{"name":"(anonymous_3)","decl":{"start":{"line":51,"column":15},"end":{"line":51,"column":21}},"loc":{"start":{"line":51,"column":21},"end":{"line":51,"column":null}},"line":51},"4":{"name":"(anonymous_4)","decl":{"start":{"line":54,"column":27},"end":{"line":54,"column":28}},"loc":{"start":{"line":54,"column":46},"end":{"line":60,"column":null}},"line":54},"5":{"name":"(anonymous_5)","decl":{"start":{"line":69,"column":33},"end":{"line":69,"column":39}},"loc":{"start":{"line":69,"column":39},"end":{"line":69,"column":null}},"line":69},"6":{"name":"(anonymous_6)","decl":{"start":{"line":75,"column":33},"end":{"line":75,"column":39}},"loc":{"start":{"line":75,"column":39},"end":{"line":75,"column":null}},"line":75}},"branchMap":{"0":{"loc":{"start":{"line":25,"column":16},"end":{"line":29,"column":null}},"type":"if","locations":[{"start":{"line":25,"column":16},"end":{"line":29,"column":null}},{"start":{},"end":{}}],"line":25},"1":{"loc":{"start":{"line":36,"column":20},"end":{"line":39,"column":null}},"type":"if","locations":[{"start":{"line":36,"column":20},"end":{"line":39,"column":null}},{"start":{},"end":{}}],"line":36},"2":{"loc":{"start":{"line":55,"column":20},"end":{"line":55,"column":null}},"type":"cond-expr","locations":[{"start":{"line":55,"column":41},"end":{"line":55,"column":64}},{"start":{"line":55,"column":64},"end":{"line":55,"column":null}}],"line":55},"3":{"loc":{"start":{"line":56,"column":37},"end":{"line":56,"column":77}},"type":"cond-expr","locations":[{"start":{"line":56,"column":58},"end":{"line":56,"column":68}},{"start":{"line":56,"column":68},"end":{"line":56,"column":77}}],"line":56},"4":{"loc":{"start":{"line":68,"column":35},"end":{"line":68,"column":null}},"type":"cond-expr","locations":[{"start":{"line":68,"column":56},"end":{"line":68,"column":67}},{"start":{"line":68,"column":67},"end":{"line":68,"column":null}}],"line":68},"5":{"loc":{"start":{"line":74,"column":35},"end":{"line":74,"column":null}},"type":"cond-expr","locations":[{"start":{"line":74,"column":56},"end":{"line":74,"column":67}},{"start":{"line":74,"column":67},"end":{"line":74,"column":null}}],"line":74},"6":{"loc":{"start":{"line":86,"column":52},"end":{"line":86,"column":95}},"type":"cond-expr","locations":[{"start":{"line":86,"column":62},"end":{"line":86,"column":70}},{"start":{"line":86,"column":70},"end":{"line":86,"column":95}}],"line":86},"7":{"loc":{"start":{"line":90,"column":52},"end":{"line":90,"column":101}},"type":"cond-expr","locations":[{"start":{"line":90,"column":62},"end":{"line":90,"column":70}},{"start":{"line":90,"column":70},"end":{"line":90,"column":101}}],"line":90}},"s":{"0":1,"1":8,"2":8,"3":8,"4":8,"5":8,"6":8,"7":5,"8":5,"9":5,"10":5,"11":5,"12":1,"13":1,"14":1,"15":4,"16":4,"17":4,"18":4,"19":4,"20":4,"21":4,"22":0,"23":0,"24":5,"25":5,"26":5,"27":5,"28":8,"29":6,"30":6,"31":8,"32":0,"33":1},"f":{"0":8,"1":5,"2":5,"3":5,"4":6,"5":0,"6":1},"b":{"0":[1,4],"1":[4,0],"2":[0,6],"3":[0,6],"4":[8,0],"5":[0,8],"6":[5,3],"7":[5,3]},"meta":{"lastBranch":8,"lastFunction":7,"lastStatement":34,"seen":{"s:7:28:105:Infinity":0,"f:7:28:7:34":0,"s:8:44:8:Infinity":1,"s:9:32:9:Infinity":2,"s:10:44:10:Infinity":3,"s:11:30:11:Infinity":4,"s:15:25:15:Infinity":5,"s:17:4:52:Infinity":6,"f:17:14:17:20":1,"s:18:27:47:Infinity":7,"f:18:27:18:39":2,"s:19:12:46:Infinity":8,"s:21:30:21:Infinity":9,"s:22:16:22:Infinity":10,"b:25:16:29:Infinity:undefined:undefined:undefined:undefined":0,"s:25:16:29:Infinity":11,"s:26:20:26:Infinity":12,"s:27:20:27:Infinity":13,"s:28:20:28:Infinity":14,"s:34:28:34:Infinity":15,"s:35:16:40:Infinity":16,"b:36:20:39:Infinity:undefined:undefined:undefined:undefined":1,"s:36:20:39:Infinity":17,"s:37:34:37:Infinity":18,"s:38:24:38:Infinity":19,"s:41:16:41:Infinity":20,"s:42:16:42:Infinity":21,"s:44:16:44:Infinity":22,"s:45:16:45:Infinity":23,"s:49:8:49:Infinity":24,"s:50:25:50:Infinity":25,"s:51:8:51:Infinity":26,"f:51:15:51:21":3,"s:51:21:51:Infinity":27,"s:54:27:60:Infinity":28,"f:54:27:54:28":4,"s:55:20:55:Infinity":29,"b:55:41:55:64:55:64:55:Infinity":2,"s:56:8:59:Infinity":30,"b:56:58:56:68:56:68:56:77":3,"s:62:4:103:Infinity":31,"b:68:56:68:67:68:67:68:Infinity":4,"f:69:33:69:39":5,"s:69:39:69:Infinity":32,"b:74:56:74:67:74:67:74:Infinity":5,"f:75:33:75:39":6,"s:75:39:75:Infinity":33,"b:86:62:86:70:86:70:86:95":6,"b:90:62:90:70:90:70:90:101":7}}}
,"/Users/robertoveigajunior/Developer/Lab/BankCrypto/src/components/HoldingsForm.tsx": {"path":"/Users/robertoveigajunior/Developer/Lab/BankCrypto/src/components/HoldingsForm.tsx","statementMap":{"0":{"start":{"line":4,"column":31},"end":{"line":69,"column":null}},"1":{"start":{"line":5,"column":48},"end":{"line":5,"column":null}},"2":{"start":{"line":6,"column":28},"end":{"line":6,"column":null}},"3":{"start":{"line":7,"column":32},"end":{"line":7,"column":null}},"4":{"start":{"line":9,"column":25},"end":{"line":15,"column":null}},"5":{"start":{"line":10,"column":8},"end":{"line":10,"column":null}},"6":{"start":{"line":11,"column":8},"end":{"line":14,"column":null}},"7":{"start":{"line":12,"column":12},"end":{"line":12,"column":null}},"8":{"start":{"line":13,"column":12},"end":{"line":13,"column":null}},"9":{"start":{"line":17,"column":4},"end":{"line":67,"column":null}},"10":{"start":{"line":27,"column":41},"end":{"line":27,"column":null}},"11":{"start":{"line":38,"column":41},"end":{"line":38,"column":null}},"12":{"start":{"line":53,"column":28},"end":{"line":62,"column":null}},"13":{"start":{"line":58,"column":51},"end":{"line":58,"column":null}}},"fnMap":{"0":{"name":"(anonymous_0)","decl":{"start":{"line":4,"column":31},"end":{"line":4,"column":37}},"loc":{"start":{"line":4,"column":37},"end":{"line":69,"column":null}},"line":4},"1":{"name":"(anonymous_1)","decl":{"start":{"line":9,"column":25},"end":{"line":9,"column":26}},"loc":{"start":{"line":9,"column":43},"end":{"line":15,"column":null}},"line":9},"2":{"name":"(anonymous_2)","decl":{"start":{"line":27,"column":34},"end":{"line":27,"column":35}},"loc":{"start":{"line":27,"column":41},"end":{"line":27,"column":null}},"line":27},"3":{"name":"(anonymous_3)","decl":{"start":{"line":38,"column":34},"end":{"line":38,"column":35}},"loc":{"start":{"line":38,"column":41},"end":{"line":38,"column":null}},"line":38},"4":{"name":"(anonymous_4)","decl":{"start":{"line":52,"column":38},"end":{"line":52,"column":39}},"loc":{"start":{"line":53,"column":28},"end":{"line":62,"column":null}},"line":53},"5":{"name":"(anonymous_5)","decl":{"start":{"line":58,"column":45},"end":{"line":58,"column":51}},"loc":{"start":{"line":58,"column":51},"end":{"line":58,"column":null}},"line":58}},"branchMap":{"0":{"loc":{"start":{"line":11,"column":8},"end":{"line":14,"column":null}},"type":"if","locations":[{"start":{"line":11,"column":8},"end":{"line":14,"column":null}},{"start":{},"end":{}}],"line":11},"1":{"loc":{"start":{"line":11,"column":12},"end":{"line":11,"column":32}},"type":"binary-expr","locations":[{"start":{"line":11,"column":12},"end":{"line":11,"column":22}},{"start":{"line":11,"column":22},"end":{"line":11,"column":32}}],"line":11},"2":{"loc":{"start":{"line":48,"column":17},"end":{"line":64,"column":null}},"type":"cond-expr","locations":[{"start":{"line":49,"column":20},"end":{"line":49,"column":null}},{"start":{"line":51,"column":20},"end":{"line":64,"column":null}}],"line":48}},"s":{"0":1,"1":6,"2":6,"3":6,"4":6,"5":1,"6":1,"7":1,"8":1,"9":6,"10":1,"11":1,"12":12,"13":0},"f":{"0":6,"1":1,"2":1,"3":1,"4":12,"5":0},"b":{"0":[1,0],"1":[1,1],"2":[0,6]},"meta":{"lastBranch":3,"lastFunction":6,"lastStatement":14,"seen":{"s:4:31:69:Infinity":0,"f:4:31:4:37":0,"s:5:48:5:Infinity":1,"s:6:28:6:Infinity":2,"s:7:32:7:Infinity":3,"s:9:25:15:Infinity":4,"f:9:25:9:26":1,"s:10:8:10:Infinity":5,"b:11:8:14:Infinity:undefined:undefined:undefined:undefined":0,"s:11:8:14:Infinity":6,"b:11:12:11:22:11:22:11:32":1,"s:12:12:12:Infinity":7,"s:13:12:13:Infinity":8,"s:17:4:67:Infinity":9,"f:27:34:27:35":2,"s:27:41:27:Infinity":10,"f:38:34:38:35":3,"s:38:41:38:Infinity":11,"b:49:20:49:Infinity:51:20:64:Infinity":2,"f:52:38:52:39":4,"s:53:28:62:Infinity":12,"f:58:45:58:51":5,"s:58:51:58:Infinity":13}}}
,"/Users/robertoveigajunior/Developer/Lab/BankCrypto/src/components/PriceChart.tsx": {"path":"/Users/robertoveigajunior/Developer/Lab/BankCrypto/src/components/PriceChart.tsx","statementMap":{"0":{"start":{"line":18,"column":0},"end":{"line":27,"column":null}},"1":{"start":{"line":39,"column":46},"end":{"line":173,"column":null}},"2":{"start":{"line":40,"column":34},"end":{"line":40,"column":null}},"3":{"start":{"line":41,"column":34},"end":{"line":41,"column":null}},"4":{"start":{"line":43,"column":4},"end":{"line":103,"column":null}},"5":{"start":{"line":44,"column":24},"end":{"line":100,"column":null}},"6":{"start":{"line":45,"column":29},"end":{"line":45,"column":null}},"7":{"start":{"line":46,"column":26},"end":{"line":46,"column":null}},"8":{"start":{"line":48,"column":12},"end":{"line":99,"column":null}},"9":{"start":{"line":50,"column":32},"end":{"line":50,"column":null}},"10":{"start":{"line":53,"column":37},"end":{"line":53,"column":null}},"11":{"start":{"line":53,"column":67},"end":{"line":53,"column":75}},"12":{"start":{"line":53,"column":89},"end":{"line":53,"column":100}},"13":{"start":{"line":54,"column":42},"end":{"line":54,"column":null}},"14":{"start":{"line":54,"column":59},"end":{"line":54,"column":132}},"15":{"start":{"line":54,"column":111},"end":{"line":54,"column":131}},"16":{"start":{"line":55,"column":35},"end":{"line":55,"column":null}},"17":{"start":{"line":57,"column":31},"end":{"line":62,"column":null}},"18":{"start":{"line":58,"column":33},"end":{"line":58,"column":null}},"19":{"start":{"line":59,"column":20},"end":{"line":61,"column":null}},"20":{"start":{"line":64,"column":33},"end":{"line":94,"column":null}},"21":{"start":{"line":67,"column":47},"end":{"line":67,"column":54}},"22":{"start":{"line":78,"column":39},"end":{"line":78,"column":null}},"23":{"start":{"line":79,"column":38},"end":{"line":79,"column":null}},"24":{"start":{"line":80,"column":24},"end":{"line":92,"column":null}},"25":{"start":{"line":82,"column":53},"end":{"line":82,"column":60}},"26":{"start":{"line":96,"column":16},"end":{"line":96,"column":null}},"27":{"start":{"line":98,"column":16},"end":{"line":98,"column":null}},"28":{"start":{"line":102,"column":8},"end":{"line":102,"column":null}},"29":{"start":{"line":105,"column":42},"end":{"line":147,"column":null}},"30":{"start":{"line":132,"column":64},"end":{"line":132,"column":93}},"31":{"start":{"line":139,"column":64},"end":{"line":139,"column":93}},"32":{"start":{"line":149,"column":4},"end":{"line":171,"column":null}},"33":{"start":{"line":156,"column":39},"end":{"line":156,"column":null}},"34":{"start":{"line":162,"column":39},"end":{"line":162,"column":null}}},"fnMap":{"0":{"name":"(anonymous_0)","decl":{"start":{"line":39,"column":46},"end":{"line":39,"column":47}},"loc":{"start":{"line":39,"column":69},"end":{"line":173,"column":null}},"line":39},"1":{"name":"(anonymous_1)","decl":{"start":{"line":43,"column":14},"end":{"line":43,"column":20}},"loc":{"start":{"line":43,"column":20},"end":{"line":103,"column":7}},"line":43},"2":{"name":"(anonymous_2)","decl":{"start":{"line":44,"column":24},"end":{"line":44,"column":36}},"loc":{"start":{"line":44,"column":36},"end":{"line":100,"column":null}},"line":44},"3":{"name":"(anonymous_3)","decl":{"start":{"line":53,"column":62},"end":{"line":53,"column":67}},"loc":{"start":{"line":53,"column":67},"end":{"line":53,"column":75}},"line":53},"4":{"name":"(anonymous_4)","decl":{"start":{"line":53,"column":84},"end":{"line":53,"column":89}},"loc":{"start":{"line":53,"column":89},"end":{"line":53,"column":100}},"line":53},"5":{"name":"(anonymous_5)","decl":{"start":{"line":54,"column":59},"end":{"line":54,"column":64}},"loc":{"start":{"line":54,"column":59},"end":{"line":54,"column":132}},"line":54},"6":{"name":"(anonymous_6)","decl":{"start":{"line":54,"column":102},"end":{"line":54,"column":111}},"loc":{"start":{"line":54,"column":111},"end":{"line":54,"column":131}},"line":54},"7":{"name":"(anonymous_7)","decl":{"start":{"line":57,"column":43},"end":{"line":57,"column":48}},"loc":{"start":{"line":57,"column":48},"end":{"line":62,"column":17}},"line":57},"8":{"name":"(anonymous_8)","decl":{"start":{"line":67,"column":42},"end":{"line":67,"column":47}},"loc":{"start":{"line":67,"column":47},"end":{"line":67,"column":54}},"line":67},"9":{"name":"(anonymous_9)","decl":{"start":{"line":77,"column":38},"end":{"line":77,"column":39}},"loc":{"start":{"line":77,"column":55},"end":{"line":93,"column":21}},"line":77},"10":{"name":"(anonymous_10)","decl":{"start":{"line":82,"column":48},"end":{"line":82,"column":53}},"loc":{"start":{"line":82,"column":53},"end":{"line":82,"column":60}},"line":82},"11":{"name":"(anonymous_11)","decl":{"start":{"line":132,"column":53},"end":{"line":132,"column":54}},"loc":{"start":{"line":132,"column":64},"end":{"line":132,"column":93}},"line":132},"12":{"name":"(anonymous_12)","decl":{"start":{"line":139,"column":53},"end":{"line":139,"column":54}},"loc":{"start":{"line":139,"column":64},"end":{"line":139,"column":93}},"line":139},"13":{"name":"(anonymous_13)","decl":{"start":{"line":156,"column":33},"end":{"line":156,"column":39}},"loc":{"start":{"line":156,"column":39},"end":{"line":156,"column":null}},"line":156},"14":{"name":"(anonymous_14)","decl":{"start":{"line":162,"column":33},"end":{"line":162,"column":39}},"loc":{"start":{"line":162,"column":39},"end":{"line":162,"column":null}},"line":162}},"branchMap":{"0":{"loc":{"start":{"line":39,"column":49},"end":{"line":39,"column":63}},"type":"default-arg","locations":[{"start":{"line":39,"column":60},"end":{"line":39,"column":63}}],"line":39},"1":{"loc":{"start":{"line":45,"column":29},"end":{"line":45,"column":null}},"type":"cond-expr","locations":[{"start":{"line":45,"column":50},"end":{"line":45,"column":57}},{"start":{"line":45,"column":57},"end":{"line":45,"column":null}}],"line":45},"2":{"loc":{"start":{"line":46,"column":26},"end":{"line":46,"column":null}},"type":"cond-expr","locations":[{"start":{"line":46,"column":47},"end":{"line":46,"column":52}},{"start":{"line":46,"column":52},"end":{"line":46,"column":null}}],"line":46},"3":{"loc":{"start":{"line":59,"column":27},"end":{"line":61,"column":null}},"type":"cond-expr","locations":[{"start":{"line":60,"column":26},"end":{"line":60,"column":null}},{"start":{"line":61,"column":26},"end":{"line":61,"column":null}}],"line":59},"4":{"loc":{"start":{"line":155,"column":35},"end":{"line":155,"column":null}},"type":"cond-expr","locations":[{"start":{"line":155,"column":56},"end":{"line":155,"column":67}},{"start":{"line":155,"column":67},"end":{"line":155,"column":null}}],"line":155},"5":{"loc":{"start":{"line":161,"column":35},"end":{"line":161,"column":null}},"type":"cond-expr","locations":[{"start":{"line":161,"column":56},"end":{"line":161,"column":67}},{"start":{"line":161,"column":67},"end":{"line":161,"column":null}}],"line":161},"6":{"loc":{"start":{"line":169,"column":17},"end":{"line":169,"column":null}},"type":"cond-expr","locations":[{"start":{"line":169,"column":29},"end":{"line":169,"column":75}},{"start":{"line":169,"column":75},"end":{"line":169,"column":null}}],"line":169}},"s":{"0":1,"1":1,"2":19,"3":19,"4":19,"5":17,"6":17,"7":17,"8":17,"9":17,"10":16,"11":2,"12":2,"13":16,"14":1,"15":1,"16":16,"17":16,"18":32,"19":32,"20":16,"21":32,"22":1,"23":1,"24":1,"25":2,"26":16,"27":1,"28":17,"29":19,"30":0,"31":0,"32":19,"33":1,"34":1},"f":{"0":19,"1":17,"2":17,"3":2,"4":2,"5":1,"6":1,"7":32,"8":32,"9":1,"10":2,"11":0,"12":0,"13":1,"14":1},"b":{"0":[19],"1":[5,12],"2":[5,12],"3":[10,22],"4":[5,14],"5":[14,5],"6":[12,7]},"meta":{"lastBranch":7,"lastFunction":15,"lastStatement":35,"seen":{"s:18:0:27:Infinity":0,"s:39:46:173:Infinity":1,"f:39:46:39:47":0,"b:39:60:39:63":0,"s:40:34:40:Infinity":2,"s:41:34:41:Infinity":3,"s:43:4:103:Infinity":4,"f:43:14:43:20":1,"s:44:24:100:Infinity":5,"f:44:24:44:36":2,"s:45:29:45:Infinity":6,"b:45:50:45:57:45:57:45:Infinity":1,"s:46:26:46:Infinity":7,"b:46:47:46:52:46:52:46:Infinity":2,"s:48:12:99:Infinity":8,"s:50:32:50:Infinity":9,"s:53:37:53:Infinity":10,"f:53:62:53:67":3,"s:53:67:53:75":11,"f:53:84:53:89":4,"s:53:89:53:100":12,"s:54:42:54:Infinity":13,"f:54:59:54:64":5,"s:54:59:54:132":14,"f:54:102:54:111":6,"s:54:111:54:131":15,"s:55:35:55:Infinity":16,"s:57:31:62:Infinity":17,"f:57:43:57:48":7,"s:58:33:58:Infinity":18,"s:59:20:61:Infinity":19,"b:60:26:60:Infinity:61:26:61:Infinity":3,"s:64:33:94:Infinity":20,"f:67:42:67:47":8,"s:67:47:67:54":21,"f:77:38:77:39":9,"s:78:39:78:Infinity":22,"s:79:38:79:Infinity":23,"s:80:24:92:Infinity":24,"f:82:48:82:53":10,"s:82:53:82:60":25,"s:96:16:96:Infinity":26,"s:98:16:98:Infinity":27,"s:102:8:102:Infinity":28,"s:105:42:147:Infinity":29,"f:132:53:132:54":11,"s:132:64:132:93":30,"f:139:53:139:54":12,"s:139:64:139:93":31,"s:149:4:171:Infinity":32,"b:155:56:155:67:155:67:155:Infinity":4,"f:156:33:156:39":13,"s:156:39:156:Infinity":33,"b:161:56:161:67:161:67:161:Infinity":5,"f:162:33:162:39":14,"s:162:39:162:Infinity":34,"b:169:29:169:75:169:75:169:Infinity":6}}}
,"/Users/robertoveigajunior/Developer/Lab/BankCrypto/src/context/PortfolioContext.tsx": {"path":"/Users/robertoveigajunior/Developer/Lab/BankCrypto/src/context/PortfolioContext.tsx","statementMap":{"0":{"start":{"line":17,"column":6},"end":{"line":17,"column":null}},"1":{"start":{"line":19,"column":28},"end":{"line":25,"column":null}},"2":{"start":{"line":20,"column":10},"end":{"line":20,"column":null}},"3":{"start":{"line":21,"column":4},"end":{"line":23,"column":null}},"4":{"start":{"line":22,"column":8},"end":{"line":22,"column":null}},"5":{"start":{"line":24,"column":4},"end":{"line":24,"column":null}},"6":{"start":{"line":31,"column":67},"end":{"line":68,"column":null}},"7":{"start":{"line":32,"column":32},"end":{"line":35,"column":null}},"8":{"start":{"line":33,"column":22},"end":{"line":33,"column":null}},"9":{"start":{"line":34,"column":8},"end":{"line":34,"column":null}},"10":{"start":{"line":37,"column":32},"end":{"line":37,"column":null}},"11":{"start":{"line":39,"column":4},"end":{"line":41,"column":null}},"12":{"start":{"line":40,"column":8},"end":{"line":40,"column":null}},"13":{"start":{"line":43,"column":23},"end":{"line":53,"column":null}},"14":{"start":{"line":44,"column":8},"end":{"line":52,"column":null}},"15":{"start":{"line":45,"column":29},"end":{"line":45,"column":null}},"16":{"start":{"line":45,"column":44},"end":{"line":45,"column":63}},"17":{"start":{"line":46,"column":12},"end":{"line":50,"column":null}},"18":{"start":{"line":47,"column":16},"end":{"line":49,"column":null}},"19":{"start":{"line":48,"column":20},"end":{"line":48,"column":null}},"20":{"start":{"line":51,"column":12},"end":{"line":51,"column":null}},"21":{"start":{"line":55,"column":26},"end":{"line":57,"column":null}},"22":{"start":{"line":56,"column":8},"end":{"line":56,"column":null}},"23":{"start":{"line":56,"column":28},"end":{"line":56,"column":119}},"24":{"start":{"line":56,"column":42},"end":{"line":56,"column":118}},"25":{"start":{"line":59,"column":26},"end":{"line":61,"column":null}},"26":{"start":{"line":60,"column":8},"end":{"line":60,"column":null}},"27":{"start":{"line":60,"column":28},"end":{"line":60,"column":65}},"28":{"start":{"line":60,"column":45},"end":{"line":60,"column":64}},"29":{"start":{"line":63,"column":4},"end":{"line":66,"column":null}}},"fnMap":{"0":{"name":"(anonymous_0)","decl":{"start":{"line":19,"column":28},"end":{"line":19,"column":34}},"loc":{"start":{"line":19,"column":34},"end":{"line":25,"column":null}},"line":19},"1":{"name":"(anonymous_1)","decl":{"start":{"line":31,"column":67},"end":{"line":31,"column":68}},"loc":{"start":{"line":31,"column":85},"end":{"line":68,"column":null}},"line":31},"2":{"name":"(anonymous_2)","decl":{"start":{"line":32,"column":56},"end":{"line":32,"column":62}},"loc":{"start":{"line":32,"column":62},"end":{"line":35,"column":5}},"line":32},"3":{"name":"(anonymous_3)","decl":{"start":{"line":39,"column":14},"end":{"line":39,"column":20}},"loc":{"start":{"line":39,"column":20},"end":{"line":41,"column":7}},"line":39},"4":{"name":"(anonymous_4)","decl":{"start":{"line":43,"column":23},"end":{"line":43,"column":24}},"loc":{"start":{"line":43,"column":70},"end":{"line":53,"column":null}},"line":43},"5":{"name":"(anonymous_5)","decl":{"start":{"line":44,"column":20},"end":{"line":44,"column":28}},"loc":{"start":{"line":44,"column":28},"end":{"line":52,"column":9}},"line":44},"6":{"name":"(anonymous_6)","decl":{"start":{"line":45,"column":39},"end":{"line":45,"column":44}},"loc":{"start":{"line":45,"column":44},"end":{"line":45,"column":63}},"line":45},"7":{"name":"(anonymous_7)","decl":{"start":{"line":47,"column":32},"end":{"line":47,"column":null}},"loc":{"start":{"line":48,"column":20},"end":{"line":48,"column":null}},"line":48},"8":{"name":"(anonymous_8)","decl":{"start":{"line":55,"column":26},"end":{"line":55,"column":27}},"loc":{"start":{"line":55,"column":73},"end":{"line":57,"column":null}},"line":55},"9":{"name":"(anonymous_9)","decl":{"start":{"line":56,"column":20},"end":{"line":56,"column":28}},"loc":{"start":{"line":56,"column":28},"end":{"line":56,"column":119}},"line":56},"10":{"name":"(anonymous_10)","decl":{"start":{"line":56,"column":37},"end":{"line":56,"column":42}},"loc":{"start":{"line":56,"column":42},"end":{"line":56,"column":118}},"line":56},"11":{"name":"(anonymous_11)","decl":{"start":{"line":59,"column":26},"end":{"line":59,"column":27}},"loc":{"start":{"line":59,"column":46},"end":{"line":61,"column":null}},"line":59},"12":{"name":"(anonymous_12)","decl":{"start":{"line":60,"column":20},"end":{"line":60,"column":28}},"loc":{"start":{"line":60,"column":28},"end":{"line":60,"column":65}},"line":60},"13":{"name":"(anonymous_13)","decl":{"start":{"line":60,"column":40},"end":{"line":60,"column":45}},"loc":{"start":{"line":60,"column":45},"end":{"line":60,"column":64}},"line":60}},"branchMap":{"0":{"loc":{"start":{"line":21,"column":4},"end":{"line":23,"column":null}},"type":"if","locations":[{"start":{"line":21,"column":4},"end":{"line":23,"column":null}},{"start":{},"end":{}}],"line":21},"1":{"loc":{"start":{"line":34,"column":15},"end":{"line":34,"column":null}},"type":"cond-expr","locations":[{"start":{"line":34,"column":23},"end":{"line":34,"column":43}},{"start":{"line":34,"column":43},"end":{"line":34,"column":null}}],"line":34},"2":{"loc":{"start":{"line":46,"column":12},"end":{"line":50,"column":null}},"type":"if","locations":[{"start":{"line":46,"column":12},"end":{"line":50,"column":null}},{"start":{},"end":{}}],"line":46},"3":{"loc":{"start":{"line":48,"column":20},"end":{"line":48,"column":null}},"type":"cond-expr","locations":[{"start":{"line":48,"column":42},"end":{"line":48,"column":130}},{"start":{"line":48,"column":130},"end":{"line":48,"column":null}}],"line":48},"4":{"loc":{"start":{"line":56,"column":42},"end":{"line":56,"column":118}},"type":"cond-expr","locations":[{"start":{"line":56,"column":64},"end":{"line":56,"column":117}},{"start":{"line":56,"column":117},"end":{"line":56,"column":118}}],"line":56}},"s":{"0":1,"1":1,"2":13,"3":13,"4":2,"5":10,"6":1,"7":10,"8":6,"9":6,"10":10,"11":10,"12":9,"13":10,"14":1,"15":1,"16":1,"17":1,"18":0,"19":0,"20":1,"21":10,"22":1,"23":1,"24":1,"25":10,"26":1,"27":1,"28":1,"29":10},"f":{"0":13,"1":10,"2":6,"3":9,"4":1,"5":1,"6":1,"7":0,"8":1,"9":1,"10":1,"11":1,"12":1,"13":1},"b":{"0":[2,11],"1":[1,5],"2":[0,1],"3":[0,0],"4":[1,0]},"meta":{"lastBranch":5,"lastFunction":14,"lastStatement":30,"seen":{"s:17:6:17:Infinity":0,"s:19:28:25:Infinity":1,"f:19:28:19:34":0,"s:20:10:20:Infinity":2,"b:21:4:23:Infinity:undefined:undefined:undefined:undefined":0,"s:21:4:23:Infinity":3,"s:22:8:22:Infinity":4,"s:24:4:24:Infinity":5,"s:31:67:68:Infinity":6,"f:31:67:31:68":1,"s:32:32:35:Infinity":7,"f:32:56:32:62":2,"s:33:22:33:Infinity":8,"s:34:8:34:Infinity":9,"b:34:23:34:43:34:43:34:Infinity":1,"s:37:32:37:Infinity":10,"s:39:4:41:Infinity":11,"f:39:14:39:20":3,"s:40:8:40:Infinity":12,"s:43:23:53:Infinity":13,"f:43:23:43:24":4,"s:44:8:52:Infinity":14,"f:44:20:44:28":5,"s:45:29:45:Infinity":15,"f:45:39:45:44":6,"s:45:44:45:63":16,"b:46:12:50:Infinity:undefined:undefined:undefined:undefined":2,"s:46:12:50:Infinity":17,"s:47:16:49:Infinity":18,"f:47:32:47:Infinity":7,"s:48:20:48:Infinity":19,"b:48:42:48:130:48:130:48:Infinity":3,"s:51:12:51:Infinity":20,"s:55:26:57:Infinity":21,"f:55:26:55:27":8,"s:56:8:56:Infinity":22,"f:56:20:56:28":9,"s:56:28:56:119":23,"f:56:37:56:42":10,"s:56:42:56:118":24,"b:56:64:56:117:56:117:56:118":4,"s:59:26:61:Infinity":25,"f:59:26:59:27":11,"s:60:8:60:Infinity":26,"f:60:20:60:28":12,"s:60:28:60:65":27,"f:60:40:60:45":13,"s:60:45:60:64":28,"s:63:4:66:Infinity":29}}}
,"/Users/robertoveigajunior/Developer/Lab/BankCrypto/src/services/api.ts": {"path":"/Users/robertoveigajunior/Developer/Lab/BankCrypto/src/services/api.ts","statementMap":{"0":{"start":{"line":3,"column":17},"end":{"line":3,"column":null}},"1":{"start":{"line":5,"column":26},"end":{"line":16,"column":null}},"2":{"start":{"line":6,"column":2},"end":{"line":15,"column":null}},"3":{"start":{"line":8,"column":21},"end":{"line":10,"column":null}},"4":{"start":{"line":11,"column":4},"end":{"line":11,"column":null}},"5":{"start":{"line":13,"column":4},"end":{"line":13,"column":null}},"6":{"start":{"line":14,"column":4},"end":{"line":14,"column":null}},"7":{"start":{"line":23,"column":28},"end":{"line":42,"column":null}},"8":{"start":{"line":24,"column":2},"end":{"line":41,"column":null}},"9":{"start":{"line":25,"column":21},"end":{"line":31,"column":null}},"10":{"start":{"line":34,"column":4},"end":{"line":37,"column":null}},"11":{"start":{"line":34,"column":47},"end":{"line":37,"column":6}},"12":{"start":{"line":39,"column":4},"end":{"line":39,"column":null}},"13":{"start":{"line":40,"column":4},"end":{"line":40,"column":null}}},"fnMap":{"0":{"name":"(anonymous_0)","decl":{"start":{"line":5,"column":26},"end":{"line":5,"column":33}},"loc":{"start":{"line":5,"column":69},"end":{"line":16,"column":null}},"line":5},"1":{"name":"(anonymous_1)","decl":{"start":{"line":23,"column":28},"end":{"line":23,"column":35}},"loc":{"start":{"line":23,"column":122},"end":{"line":42,"column":null}},"line":23},"2":{"name":"(anonymous_2)","decl":{"start":{"line":34,"column":29},"end":{"line":34,"column":30}},"loc":{"start":{"line":34,"column":47},"end":{"line":37,"column":6}},"line":34}},"branchMap":{"0":{"loc":{"start":{"line":23,"column":51},"end":{"line":23,"column":76}},"type":"default-arg","locations":[{"start":{"line":23,"column":70},"end":{"line":23,"column":76}}],"line":23},"1":{"loc":{"start":{"line":23,"column":76},"end":{"line":23,"column":122}},"type":"default-arg","locations":[{"start":{"line":23,"column":92},"end":{"line":23,"column":122}}],"line":23}},"s":{"0":1,"1":1,"2":2,"3":2,"4":1,"5":1,"6":1,"7":1,"8":2,"9":2,"10":1,"11":2,"12":1,"13":1},"f":{"0":2,"1":2,"2":2},"b":{"0":[2],"1":[2]},"meta":{"lastBranch":2,"lastFunction":3,"lastStatement":14,"seen":{"s:3:17:3:Infinity":0,"s:5:26:16:Infinity":1,"f:5:26:5:33":0,"s:6:2:15:Infinity":2,"s:8:21:10:Infinity":3,"s:11:4:11:Infinity":4,"s:13:4:13:Infinity":5,"s:14:4:14:Infinity":6,"s:23:28:42:Infinity":7,"f:23:28:23:35":1,"b:23:70:23:76":0,"b:23:92:23:122":1,"s:24:2:41:Infinity":8,"s:25:21:31:Infinity":9,"s:34:4:37:Infinity":10,"f:34:29:34:30":2,"s:34:47:37:6":11,"s:39:4:39:Infinity":12,"s:40:4:40:Infinity":13}}}
}
